<?xml version="1.0" encoding="UTF-8"?>
<!-- Generated by org.testng.reporters.JUnitReportReporter -->
<testsuite hostname="DESKTOP-VAQKFJ2" failures="0" tests="1" name="SeleniumLatestFeature.CDP_Integration.CdpCommandTest" time="6.047" errors="0" timestamp="2024-01-20T17:05:35 IST" skipped="0">
  <testcase classname="SeleniumLatestFeature.CDP_Integration.CdpCommandTest" name="executCDPCommondDirect" time="6.047"/>
</testsuite> <!-- SeleniumLatestFeature.CDP_Integration.CdpCommandTest -->
