<?xml version="1.0" encoding="UTF-8"?>
<!-- Generated by org.testng.reporters.JUnitReportReporter -->
<testsuite hostname="DESKTOP-VAQKFJ2" failures="0" tests="1" name="SeleniumLatestFeature.CDP_Integration.SetGeoLocation" time="12.077" errors="0" timestamp="2024-01-20T21:14:11 IST" skipped="0">
  <testcase classname="SeleniumLatestFeature.CDP_Integration.SetGeoLocation" name="setLocation" time="12.077"/>
</testsuite> <!-- SeleniumLatestFeature.CDP_Integration.SetGeoLocation -->
